[2025-09-28T22:26:03.493+0000] {processor.py:161} INFO - Started process (PID=184) to work on /opt/airflow/dags/bitcoin_etl_dag.py
[2025-09-28T22:26:03.493+0000] {processor.py:830} INFO - Processing file /opt/airflow/dags/bitcoin_etl_dag.py for tasks to queue
[2025-09-28T22:26:03.495+0000] {logging_mixin.py:188} INFO - [2025-09-28T22:26:03.495+0000] {dagbag.py:545} INFO - Filling up the DagBag from /opt/airflow/dags/bitcoin_etl_dag.py
[2025-09-28T22:26:03.519+0000] {processor.py:840} INFO - DAG(s) 'bitcoin_15min' retrieved from /opt/airflow/dags/bitcoin_etl_dag.py
[2025-09-28T22:26:03.545+0000] {logging_mixin.py:188} INFO - [2025-09-28T22:26:03.544+0000] {dag.py:3089} INFO - Sync 1 DAGs
[2025-09-28T22:26:03.566+0000] {logging_mixin.py:188} INFO - [2025-09-28T22:26:03.566+0000] {dag.py:3947} INFO - Setting next_dagrun for bitcoin_15min to 2025-09-28 22:15:00+00:00, run_after=2025-09-28 22:30:00+00:00
[2025-09-28T22:26:03.583+0000] {processor.py:183} INFO - Processing /opt/airflow/dags/bitcoin_etl_dag.py took 0.095 seconds
[2025-09-28T22:26:33.645+0000] {processor.py:161} INFO - Started process (PID=190) to work on /opt/airflow/dags/bitcoin_etl_dag.py
[2025-09-28T22:26:33.646+0000] {processor.py:830} INFO - Processing file /opt/airflow/dags/bitcoin_etl_dag.py for tasks to queue
[2025-09-28T22:26:33.649+0000] {logging_mixin.py:188} INFO - [2025-09-28T22:26:33.648+0000] {dagbag.py:545} INFO - Filling up the DagBag from /opt/airflow/dags/bitcoin_etl_dag.py
[2025-09-28T22:26:33.667+0000] {processor.py:840} INFO - DAG(s) 'bitcoin_15min' retrieved from /opt/airflow/dags/bitcoin_etl_dag.py
[2025-09-28T22:26:34.007+0000] {logging_mixin.py:188} INFO - [2025-09-28T22:26:34.007+0000] {dag.py:3089} INFO - Sync 1 DAGs
[2025-09-28T22:26:34.027+0000] {logging_mixin.py:188} INFO - [2025-09-28T22:26:34.027+0000] {dag.py:3947} INFO - Setting next_dagrun for bitcoin_15min to 2025-09-28 22:15:00+00:00, run_after=2025-09-28 22:30:00+00:00
[2025-09-28T22:26:34.049+0000] {processor.py:183} INFO - Processing /opt/airflow/dags/bitcoin_etl_dag.py took 0.410 seconds
[2025-09-28T22:27:04.197+0000] {processor.py:161} INFO - Started process (PID=201) to work on /opt/airflow/dags/bitcoin_etl_dag.py
[2025-09-28T22:27:04.198+0000] {processor.py:830} INFO - Processing file /opt/airflow/dags/bitcoin_etl_dag.py for tasks to queue
[2025-09-28T22:27:04.199+0000] {logging_mixin.py:188} INFO - [2025-09-28T22:27:04.199+0000] {dagbag.py:545} INFO - Filling up the DagBag from /opt/airflow/dags/bitcoin_etl_dag.py
[2025-09-28T22:27:04.214+0000] {processor.py:840} INFO - DAG(s) 'bitcoin_15min' retrieved from /opt/airflow/dags/bitcoin_etl_dag.py
[2025-09-28T22:27:04.241+0000] {logging_mixin.py:188} INFO - [2025-09-28T22:27:04.241+0000] {dag.py:3089} INFO - Sync 1 DAGs
[2025-09-28T22:27:04.261+0000] {logging_mixin.py:188} INFO - [2025-09-28T22:27:04.261+0000] {dag.py:3947} INFO - Setting next_dagrun for bitcoin_15min to 2025-09-28 22:15:00+00:00, run_after=2025-09-28 22:30:00+00:00
[2025-09-28T22:27:04.278+0000] {processor.py:183} INFO - Processing /opt/airflow/dags/bitcoin_etl_dag.py took 0.086 seconds
[2025-09-28T22:27:34.330+0000] {processor.py:161} INFO - Started process (PID=206) to work on /opt/airflow/dags/bitcoin_etl_dag.py
[2025-09-28T22:27:34.331+0000] {processor.py:830} INFO - Processing file /opt/airflow/dags/bitcoin_etl_dag.py for tasks to queue
[2025-09-28T22:27:34.332+0000] {logging_mixin.py:188} INFO - [2025-09-28T22:27:34.332+0000] {dagbag.py:545} INFO - Filling up the DagBag from /opt/airflow/dags/bitcoin_etl_dag.py
[2025-09-28T22:27:34.346+0000] {processor.py:840} INFO - DAG(s) 'bitcoin_15min' retrieved from /opt/airflow/dags/bitcoin_etl_dag.py
[2025-09-28T22:27:34.374+0000] {logging_mixin.py:188} INFO - [2025-09-28T22:27:34.374+0000] {dag.py:3089} INFO - Sync 1 DAGs
[2025-09-28T22:27:34.394+0000] {logging_mixin.py:188} INFO - [2025-09-28T22:27:34.393+0000] {dag.py:3947} INFO - Setting next_dagrun for bitcoin_15min to 2025-09-28 22:15:00+00:00, run_after=2025-09-28 22:30:00+00:00
[2025-09-28T22:27:34.412+0000] {processor.py:183} INFO - Processing /opt/airflow/dags/bitcoin_etl_dag.py took 0.087 seconds
[2025-09-28T22:28:04.598+0000] {processor.py:161} INFO - Started process (PID=217) to work on /opt/airflow/dags/bitcoin_etl_dag.py
[2025-09-28T22:28:04.598+0000] {processor.py:830} INFO - Processing file /opt/airflow/dags/bitcoin_etl_dag.py for tasks to queue
[2025-09-28T22:28:04.599+0000] {logging_mixin.py:188} INFO - [2025-09-28T22:28:04.599+0000] {dagbag.py:545} INFO - Filling up the DagBag from /opt/airflow/dags/bitcoin_etl_dag.py
[2025-09-28T22:28:04.613+0000] {processor.py:840} INFO - DAG(s) 'bitcoin_15min' retrieved from /opt/airflow/dags/bitcoin_etl_dag.py
[2025-09-28T22:28:04.640+0000] {logging_mixin.py:188} INFO - [2025-09-28T22:28:04.640+0000] {dag.py:3089} INFO - Sync 1 DAGs
[2025-09-28T22:28:04.781+0000] {logging_mixin.py:188} INFO - [2025-09-28T22:28:04.781+0000] {dag.py:3947} INFO - Setting next_dagrun for bitcoin_15min to 2025-09-28 22:15:00+00:00, run_after=2025-09-28 22:30:00+00:00
[2025-09-28T22:28:04.798+0000] {processor.py:183} INFO - Processing /opt/airflow/dags/bitcoin_etl_dag.py took 0.206 seconds
[2025-09-28T22:28:34.966+0000] {processor.py:161} INFO - Started process (PID=222) to work on /opt/airflow/dags/bitcoin_etl_dag.py
[2025-09-28T22:28:34.967+0000] {processor.py:830} INFO - Processing file /opt/airflow/dags/bitcoin_etl_dag.py for tasks to queue
[2025-09-28T22:28:34.969+0000] {logging_mixin.py:188} INFO - [2025-09-28T22:28:34.968+0000] {dagbag.py:545} INFO - Filling up the DagBag from /opt/airflow/dags/bitcoin_etl_dag.py
[2025-09-28T22:28:34.984+0000] {processor.py:840} INFO - DAG(s) 'bitcoin_15min' retrieved from /opt/airflow/dags/bitcoin_etl_dag.py
[2025-09-28T22:28:35.155+0000] {logging_mixin.py:188} INFO - [2025-09-28T22:28:35.155+0000] {dag.py:3089} INFO - Sync 1 DAGs
[2025-09-28T22:28:35.177+0000] {logging_mixin.py:188} INFO - [2025-09-28T22:28:35.176+0000] {dag.py:3947} INFO - Setting next_dagrun for bitcoin_15min to 2025-09-28 22:15:00+00:00, run_after=2025-09-28 22:30:00+00:00
[2025-09-28T22:28:35.195+0000] {processor.py:183} INFO - Processing /opt/airflow/dags/bitcoin_etl_dag.py took 0.234 seconds
[2025-09-28T22:29:05.331+0000] {processor.py:161} INFO - Started process (PID=227) to work on /opt/airflow/dags/bitcoin_etl_dag.py
[2025-09-28T22:29:05.332+0000] {processor.py:830} INFO - Processing file /opt/airflow/dags/bitcoin_etl_dag.py for tasks to queue
[2025-09-28T22:29:05.333+0000] {logging_mixin.py:188} INFO - [2025-09-28T22:29:05.333+0000] {dagbag.py:545} INFO - Filling up the DagBag from /opt/airflow/dags/bitcoin_etl_dag.py
[2025-09-28T22:29:05.469+0000] {processor.py:840} INFO - DAG(s) 'bitcoin_15min' retrieved from /opt/airflow/dags/bitcoin_etl_dag.py
[2025-09-28T22:29:05.495+0000] {logging_mixin.py:188} INFO - [2025-09-28T22:29:05.495+0000] {dag.py:3089} INFO - Sync 1 DAGs
[2025-09-28T22:29:05.512+0000] {logging_mixin.py:188} INFO - [2025-09-28T22:29:05.512+0000] {dag.py:3947} INFO - Setting next_dagrun for bitcoin_15min to 2025-09-28 22:15:00+00:00, run_after=2025-09-28 22:30:00+00:00
[2025-09-28T22:29:05.528+0000] {processor.py:183} INFO - Processing /opt/airflow/dags/bitcoin_etl_dag.py took 0.202 seconds
[2025-09-28T22:29:35.600+0000] {processor.py:161} INFO - Started process (PID=232) to work on /opt/airflow/dags/bitcoin_etl_dag.py
[2025-09-28T22:29:35.601+0000] {processor.py:830} INFO - Processing file /opt/airflow/dags/bitcoin_etl_dag.py for tasks to queue
[2025-09-28T22:29:35.604+0000] {logging_mixin.py:188} INFO - [2025-09-28T22:29:35.604+0000] {dagbag.py:545} INFO - Filling up the DagBag from /opt/airflow/dags/bitcoin_etl_dag.py
[2025-09-28T22:29:35.626+0000] {processor.py:840} INFO - DAG(s) 'bitcoin_15min' retrieved from /opt/airflow/dags/bitcoin_etl_dag.py
[2025-09-28T22:29:35.661+0000] {logging_mixin.py:188} INFO - [2025-09-28T22:29:35.661+0000] {dag.py:3089} INFO - Sync 1 DAGs
[2025-09-28T22:29:35.686+0000] {logging_mixin.py:188} INFO - [2025-09-28T22:29:35.686+0000] {dag.py:3947} INFO - Setting next_dagrun for bitcoin_15min to 2025-09-28 22:15:00+00:00, run_after=2025-09-28 22:30:00+00:00
[2025-09-28T22:29:35.705+0000] {processor.py:183} INFO - Processing /opt/airflow/dags/bitcoin_etl_dag.py took 0.114 seconds
[2025-09-28T22:30:05.883+0000] {processor.py:161} INFO - Started process (PID=243) to work on /opt/airflow/dags/bitcoin_etl_dag.py
[2025-09-28T22:30:05.884+0000] {processor.py:830} INFO - Processing file /opt/airflow/dags/bitcoin_etl_dag.py for tasks to queue
[2025-09-28T22:30:05.886+0000] {logging_mixin.py:188} INFO - [2025-09-28T22:30:05.885+0000] {dagbag.py:545} INFO - Filling up the DagBag from /opt/airflow/dags/bitcoin_etl_dag.py
[2025-09-28T22:30:05.902+0000] {processor.py:840} INFO - DAG(s) 'bitcoin_15min' retrieved from /opt/airflow/dags/bitcoin_etl_dag.py
[2025-09-28T22:30:05.929+0000] {logging_mixin.py:188} INFO - [2025-09-28T22:30:05.929+0000] {dag.py:3089} INFO - Sync 1 DAGs
[2025-09-28T22:30:05.951+0000] {logging_mixin.py:188} INFO - [2025-09-28T22:30:05.951+0000] {dag.py:3947} INFO - Setting next_dagrun for bitcoin_15min to 2025-09-28 22:30:00+00:00, run_after=2025-09-28 22:45:00+00:00
[2025-09-28T22:30:05.969+0000] {processor.py:183} INFO - Processing /opt/airflow/dags/bitcoin_etl_dag.py took 0.093 seconds
[2025-09-28T22:30:36.047+0000] {processor.py:161} INFO - Started process (PID=248) to work on /opt/airflow/dags/bitcoin_etl_dag.py
[2025-09-28T22:30:36.048+0000] {processor.py:830} INFO - Processing file /opt/airflow/dags/bitcoin_etl_dag.py for tasks to queue
[2025-09-28T22:30:36.049+0000] {logging_mixin.py:188} INFO - [2025-09-28T22:30:36.049+0000] {dagbag.py:545} INFO - Filling up the DagBag from /opt/airflow/dags/bitcoin_etl_dag.py
[2025-09-28T22:30:36.066+0000] {processor.py:840} INFO - DAG(s) 'bitcoin_15min' retrieved from /opt/airflow/dags/bitcoin_etl_dag.py
[2025-09-28T22:30:36.096+0000] {logging_mixin.py:188} INFO - [2025-09-28T22:30:36.096+0000] {dag.py:3089} INFO - Sync 1 DAGs
[2025-09-28T22:30:36.119+0000] {logging_mixin.py:188} INFO - [2025-09-28T22:30:36.119+0000] {dag.py:3947} INFO - Setting next_dagrun for bitcoin_15min to 2025-09-28 22:30:00+00:00, run_after=2025-09-28 22:45:00+00:00
[2025-09-28T22:30:36.134+0000] {processor.py:183} INFO - Processing /opt/airflow/dags/bitcoin_etl_dag.py took 0.093 seconds
[2025-09-28T22:31:06.306+0000] {processor.py:161} INFO - Started process (PID=253) to work on /opt/airflow/dags/bitcoin_etl_dag.py
[2025-09-28T22:31:06.307+0000] {processor.py:830} INFO - Processing file /opt/airflow/dags/bitcoin_etl_dag.py for tasks to queue
[2025-09-28T22:31:06.308+0000] {logging_mixin.py:188} INFO - [2025-09-28T22:31:06.308+0000] {dagbag.py:545} INFO - Filling up the DagBag from /opt/airflow/dags/bitcoin_etl_dag.py
[2025-09-28T22:31:06.323+0000] {processor.py:840} INFO - DAG(s) 'bitcoin_15min' retrieved from /opt/airflow/dags/bitcoin_etl_dag.py
[2025-09-28T22:31:06.351+0000] {logging_mixin.py:188} INFO - [2025-09-28T22:31:06.351+0000] {dag.py:3089} INFO - Sync 1 DAGs
[2025-09-28T22:31:06.372+0000] {logging_mixin.py:188} INFO - [2025-09-28T22:31:06.372+0000] {dag.py:3947} INFO - Setting next_dagrun for bitcoin_15min to 2025-09-28 22:30:00+00:00, run_after=2025-09-28 22:45:00+00:00
[2025-09-28T22:31:06.391+0000] {processor.py:183} INFO - Processing /opt/airflow/dags/bitcoin_etl_dag.py took 0.090 seconds
[2025-09-28T22:31:36.456+0000] {processor.py:161} INFO - Started process (PID=258) to work on /opt/airflow/dags/bitcoin_etl_dag.py
[2025-09-28T22:31:36.457+0000] {processor.py:830} INFO - Processing file /opt/airflow/dags/bitcoin_etl_dag.py for tasks to queue
[2025-09-28T22:31:36.459+0000] {logging_mixin.py:188} INFO - [2025-09-28T22:31:36.458+0000] {dagbag.py:545} INFO - Filling up the DagBag from /opt/airflow/dags/bitcoin_etl_dag.py
[2025-09-28T22:31:36.476+0000] {processor.py:840} INFO - DAG(s) 'bitcoin_15min' retrieved from /opt/airflow/dags/bitcoin_etl_dag.py
[2025-09-28T22:31:36.507+0000] {logging_mixin.py:188} INFO - [2025-09-28T22:31:36.507+0000] {dag.py:3089} INFO - Sync 1 DAGs
[2025-09-28T22:31:36.529+0000] {logging_mixin.py:188} INFO - [2025-09-28T22:31:36.529+0000] {dag.py:3947} INFO - Setting next_dagrun for bitcoin_15min to 2025-09-28 22:30:00+00:00, run_after=2025-09-28 22:45:00+00:00
[2025-09-28T22:31:36.546+0000] {processor.py:183} INFO - Processing /opt/airflow/dags/bitcoin_etl_dag.py took 0.095 seconds
[2025-09-28T22:32:06.662+0000] {processor.py:161} INFO - Started process (PID=263) to work on /opt/airflow/dags/bitcoin_etl_dag.py
[2025-09-28T22:32:06.663+0000] {processor.py:830} INFO - Processing file /opt/airflow/dags/bitcoin_etl_dag.py for tasks to queue
[2025-09-28T22:32:06.664+0000] {logging_mixin.py:188} INFO - [2025-09-28T22:32:06.664+0000] {dagbag.py:545} INFO - Filling up the DagBag from /opt/airflow/dags/bitcoin_etl_dag.py
[2025-09-28T22:32:06.683+0000] {processor.py:840} INFO - DAG(s) 'bitcoin_15min' retrieved from /opt/airflow/dags/bitcoin_etl_dag.py
[2025-09-28T22:32:06.713+0000] {logging_mixin.py:188} INFO - [2025-09-28T22:32:06.712+0000] {dag.py:3089} INFO - Sync 1 DAGs
[2025-09-28T22:32:06.748+0000] {logging_mixin.py:188} INFO - [2025-09-28T22:32:06.748+0000] {dag.py:3947} INFO - Setting next_dagrun for bitcoin_15min to 2025-09-28 22:30:00+00:00, run_after=2025-09-28 22:45:00+00:00
[2025-09-28T22:32:06.774+0000] {processor.py:183} INFO - Processing /opt/airflow/dags/bitcoin_etl_dag.py took 0.116 seconds
[2025-09-28T22:32:36.932+0000] {processor.py:161} INFO - Started process (PID=268) to work on /opt/airflow/dags/bitcoin_etl_dag.py
[2025-09-28T22:32:36.933+0000] {processor.py:830} INFO - Processing file /opt/airflow/dags/bitcoin_etl_dag.py for tasks to queue
[2025-09-28T22:32:36.935+0000] {logging_mixin.py:188} INFO - [2025-09-28T22:32:36.935+0000] {dagbag.py:545} INFO - Filling up the DagBag from /opt/airflow/dags/bitcoin_etl_dag.py
[2025-09-28T22:32:36.951+0000] {processor.py:840} INFO - DAG(s) 'bitcoin_15min' retrieved from /opt/airflow/dags/bitcoin_etl_dag.py
[2025-09-28T22:32:36.981+0000] {logging_mixin.py:188} INFO - [2025-09-28T22:32:36.981+0000] {dag.py:3089} INFO - Sync 1 DAGs
[2025-09-28T22:32:37.003+0000] {logging_mixin.py:188} INFO - [2025-09-28T22:32:37.002+0000] {dag.py:3947} INFO - Setting next_dagrun for bitcoin_15min to 2025-09-28 22:30:00+00:00, run_after=2025-09-28 22:45:00+00:00
[2025-09-28T22:32:37.020+0000] {processor.py:183} INFO - Processing /opt/airflow/dags/bitcoin_etl_dag.py took 0.093 seconds
[2025-09-28T22:33:07.072+0000] {processor.py:161} INFO - Started process (PID=273) to work on /opt/airflow/dags/bitcoin_etl_dag.py
[2025-09-28T22:33:07.073+0000] {processor.py:830} INFO - Processing file /opt/airflow/dags/bitcoin_etl_dag.py for tasks to queue
[2025-09-28T22:33:07.074+0000] {logging_mixin.py:188} INFO - [2025-09-28T22:33:07.074+0000] {dagbag.py:545} INFO - Filling up the DagBag from /opt/airflow/dags/bitcoin_etl_dag.py
[2025-09-28T22:33:07.090+0000] {processor.py:840} INFO - DAG(s) 'bitcoin_15min' retrieved from /opt/airflow/dags/bitcoin_etl_dag.py
[2025-09-28T22:33:07.119+0000] {logging_mixin.py:188} INFO - [2025-09-28T22:33:07.119+0000] {dag.py:3089} INFO - Sync 1 DAGs
[2025-09-28T22:33:07.141+0000] {logging_mixin.py:188} INFO - [2025-09-28T22:33:07.141+0000] {dag.py:3947} INFO - Setting next_dagrun for bitcoin_15min to 2025-09-28 22:30:00+00:00, run_after=2025-09-28 22:45:00+00:00
[2025-09-28T22:33:07.159+0000] {processor.py:183} INFO - Processing /opt/airflow/dags/bitcoin_etl_dag.py took 0.093 seconds
[2025-09-28T22:33:37.282+0000] {processor.py:161} INFO - Started process (PID=278) to work on /opt/airflow/dags/bitcoin_etl_dag.py
[2025-09-28T22:33:37.284+0000] {processor.py:830} INFO - Processing file /opt/airflow/dags/bitcoin_etl_dag.py for tasks to queue
[2025-09-28T22:33:37.285+0000] {logging_mixin.py:188} INFO - [2025-09-28T22:33:37.285+0000] {dagbag.py:545} INFO - Filling up the DagBag from /opt/airflow/dags/bitcoin_etl_dag.py
[2025-09-28T22:33:37.302+0000] {processor.py:840} INFO - DAG(s) 'bitcoin_15min' retrieved from /opt/airflow/dags/bitcoin_etl_dag.py
[2025-09-28T22:33:37.330+0000] {logging_mixin.py:188} INFO - [2025-09-28T22:33:37.330+0000] {dag.py:3089} INFO - Sync 1 DAGs
[2025-09-28T22:33:37.352+0000] {logging_mixin.py:188} INFO - [2025-09-28T22:33:37.352+0000] {dag.py:3947} INFO - Setting next_dagrun for bitcoin_15min to 2025-09-28 22:30:00+00:00, run_after=2025-09-28 22:45:00+00:00
[2025-09-28T22:33:37.370+0000] {processor.py:183} INFO - Processing /opt/airflow/dags/bitcoin_etl_dag.py took 0.095 seconds
[2025-09-28T22:34:07.459+0000] {processor.py:161} INFO - Started process (PID=283) to work on /opt/airflow/dags/bitcoin_etl_dag.py
[2025-09-28T22:34:07.460+0000] {processor.py:830} INFO - Processing file /opt/airflow/dags/bitcoin_etl_dag.py for tasks to queue
[2025-09-28T22:34:07.461+0000] {logging_mixin.py:188} INFO - [2025-09-28T22:34:07.461+0000] {dagbag.py:545} INFO - Filling up the DagBag from /opt/airflow/dags/bitcoin_etl_dag.py
[2025-09-28T22:34:07.477+0000] {processor.py:840} INFO - DAG(s) 'bitcoin_15min' retrieved from /opt/airflow/dags/bitcoin_etl_dag.py
[2025-09-28T22:34:07.506+0000] {logging_mixin.py:188} INFO - [2025-09-28T22:34:07.506+0000] {dag.py:3089} INFO - Sync 1 DAGs
[2025-09-28T22:34:07.528+0000] {logging_mixin.py:188} INFO - [2025-09-28T22:34:07.528+0000] {dag.py:3947} INFO - Setting next_dagrun for bitcoin_15min to 2025-09-28 22:30:00+00:00, run_after=2025-09-28 22:45:00+00:00
[2025-09-28T22:34:07.547+0000] {processor.py:183} INFO - Processing /opt/airflow/dags/bitcoin_etl_dag.py took 0.094 seconds
[2025-09-28T22:34:37.714+0000] {processor.py:161} INFO - Started process (PID=288) to work on /opt/airflow/dags/bitcoin_etl_dag.py
[2025-09-28T22:34:37.715+0000] {processor.py:830} INFO - Processing file /opt/airflow/dags/bitcoin_etl_dag.py for tasks to queue
[2025-09-28T22:34:37.716+0000] {logging_mixin.py:188} INFO - [2025-09-28T22:34:37.716+0000] {dagbag.py:545} INFO - Filling up the DagBag from /opt/airflow/dags/bitcoin_etl_dag.py
[2025-09-28T22:34:37.733+0000] {processor.py:840} INFO - DAG(s) 'bitcoin_15min' retrieved from /opt/airflow/dags/bitcoin_etl_dag.py
[2025-09-28T22:34:37.764+0000] {logging_mixin.py:188} INFO - [2025-09-28T22:34:37.764+0000] {dag.py:3089} INFO - Sync 1 DAGs
[2025-09-28T22:34:37.791+0000] {logging_mixin.py:188} INFO - [2025-09-28T22:34:37.790+0000] {dag.py:3947} INFO - Setting next_dagrun for bitcoin_15min to 2025-09-28 22:30:00+00:00, run_after=2025-09-28 22:45:00+00:00
[2025-09-28T22:34:37.809+0000] {processor.py:183} INFO - Processing /opt/airflow/dags/bitcoin_etl_dag.py took 0.100 seconds
[2025-09-28T22:35:07.864+0000] {processor.py:161} INFO - Started process (PID=293) to work on /opt/airflow/dags/bitcoin_etl_dag.py
[2025-09-28T22:35:07.865+0000] {processor.py:830} INFO - Processing file /opt/airflow/dags/bitcoin_etl_dag.py for tasks to queue
[2025-09-28T22:35:07.866+0000] {logging_mixin.py:188} INFO - [2025-09-28T22:35:07.866+0000] {dagbag.py:545} INFO - Filling up the DagBag from /opt/airflow/dags/bitcoin_etl_dag.py
[2025-09-28T22:35:07.882+0000] {processor.py:840} INFO - DAG(s) 'bitcoin_15min' retrieved from /opt/airflow/dags/bitcoin_etl_dag.py
[2025-09-28T22:35:07.913+0000] {logging_mixin.py:188} INFO - [2025-09-28T22:35:07.913+0000] {dag.py:3089} INFO - Sync 1 DAGs
[2025-09-28T22:35:07.935+0000] {logging_mixin.py:188} INFO - [2025-09-28T22:35:07.934+0000] {dag.py:3947} INFO - Setting next_dagrun for bitcoin_15min to 2025-09-28 22:30:00+00:00, run_after=2025-09-28 22:45:00+00:00
[2025-09-28T22:35:07.952+0000] {processor.py:183} INFO - Processing /opt/airflow/dags/bitcoin_etl_dag.py took 0.094 seconds
[2025-09-28T22:35:37.996+0000] {processor.py:161} INFO - Started process (PID=298) to work on /opt/airflow/dags/bitcoin_etl_dag.py
[2025-09-28T22:35:37.997+0000] {processor.py:830} INFO - Processing file /opt/airflow/dags/bitcoin_etl_dag.py for tasks to queue
[2025-09-28T22:35:37.999+0000] {logging_mixin.py:188} INFO - [2025-09-28T22:35:37.998+0000] {dagbag.py:545} INFO - Filling up the DagBag from /opt/airflow/dags/bitcoin_etl_dag.py
[2025-09-28T22:35:38.015+0000] {processor.py:840} INFO - DAG(s) 'bitcoin_15min' retrieved from /opt/airflow/dags/bitcoin_etl_dag.py
[2025-09-28T22:35:38.045+0000] {logging_mixin.py:188} INFO - [2025-09-28T22:35:38.045+0000] {dag.py:3089} INFO - Sync 1 DAGs
[2025-09-28T22:35:38.067+0000] {logging_mixin.py:188} INFO - [2025-09-28T22:35:38.067+0000] {dag.py:3947} INFO - Setting next_dagrun for bitcoin_15min to 2025-09-28 22:30:00+00:00, run_after=2025-09-28 22:45:00+00:00
[2025-09-28T22:35:38.085+0000] {processor.py:183} INFO - Processing /opt/airflow/dags/bitcoin_etl_dag.py took 0.094 seconds
[2025-09-28T22:36:08.278+0000] {processor.py:161} INFO - Started process (PID=303) to work on /opt/airflow/dags/bitcoin_etl_dag.py
[2025-09-28T22:36:08.279+0000] {processor.py:830} INFO - Processing file /opt/airflow/dags/bitcoin_etl_dag.py for tasks to queue
[2025-09-28T22:36:08.281+0000] {logging_mixin.py:188} INFO - [2025-09-28T22:36:08.280+0000] {dagbag.py:545} INFO - Filling up the DagBag from /opt/airflow/dags/bitcoin_etl_dag.py
[2025-09-28T22:36:08.300+0000] {processor.py:840} INFO - DAG(s) 'bitcoin_15min' retrieved from /opt/airflow/dags/bitcoin_etl_dag.py
[2025-09-28T22:36:08.331+0000] {logging_mixin.py:188} INFO - [2025-09-28T22:36:08.331+0000] {dag.py:3089} INFO - Sync 1 DAGs
[2025-09-28T22:36:08.353+0000] {logging_mixin.py:188} INFO - [2025-09-28T22:36:08.353+0000] {dag.py:3947} INFO - Setting next_dagrun for bitcoin_15min to 2025-09-28 22:30:00+00:00, run_after=2025-09-28 22:45:00+00:00
[2025-09-28T22:36:08.370+0000] {processor.py:183} INFO - Processing /opt/airflow/dags/bitcoin_etl_dag.py took 0.103 seconds
[2025-09-28T22:36:38.450+0000] {processor.py:161} INFO - Started process (PID=308) to work on /opt/airflow/dags/bitcoin_etl_dag.py
[2025-09-28T22:36:38.451+0000] {processor.py:830} INFO - Processing file /opt/airflow/dags/bitcoin_etl_dag.py for tasks to queue
[2025-09-28T22:36:38.453+0000] {logging_mixin.py:188} INFO - [2025-09-28T22:36:38.453+0000] {dagbag.py:545} INFO - Filling up the DagBag from /opt/airflow/dags/bitcoin_etl_dag.py
[2025-09-28T22:36:38.469+0000] {processor.py:840} INFO - DAG(s) 'bitcoin_15min' retrieved from /opt/airflow/dags/bitcoin_etl_dag.py
[2025-09-28T22:36:38.497+0000] {logging_mixin.py:188} INFO - [2025-09-28T22:36:38.497+0000] {dag.py:3089} INFO - Sync 1 DAGs
[2025-09-28T22:36:38.520+0000] {logging_mixin.py:188} INFO - [2025-09-28T22:36:38.519+0000] {dag.py:3947} INFO - Setting next_dagrun for bitcoin_15min to 2025-09-28 22:30:00+00:00, run_after=2025-09-28 22:45:00+00:00
[2025-09-28T22:36:38.537+0000] {processor.py:183} INFO - Processing /opt/airflow/dags/bitcoin_etl_dag.py took 0.093 seconds
[2025-09-28T22:37:08.686+0000] {processor.py:161} INFO - Started process (PID=313) to work on /opt/airflow/dags/bitcoin_etl_dag.py
[2025-09-28T22:37:08.686+0000] {processor.py:830} INFO - Processing file /opt/airflow/dags/bitcoin_etl_dag.py for tasks to queue
[2025-09-28T22:37:08.688+0000] {logging_mixin.py:188} INFO - [2025-09-28T22:37:08.688+0000] {dagbag.py:545} INFO - Filling up the DagBag from /opt/airflow/dags/bitcoin_etl_dag.py
[2025-09-28T22:37:08.703+0000] {processor.py:840} INFO - DAG(s) 'bitcoin_15min' retrieved from /opt/airflow/dags/bitcoin_etl_dag.py
[2025-09-28T22:37:08.732+0000] {logging_mixin.py:188} INFO - [2025-09-28T22:37:08.731+0000] {dag.py:3089} INFO - Sync 1 DAGs
[2025-09-28T22:37:08.754+0000] {logging_mixin.py:188} INFO - [2025-09-28T22:37:08.754+0000] {dag.py:3947} INFO - Setting next_dagrun for bitcoin_15min to 2025-09-28 22:30:00+00:00, run_after=2025-09-28 22:45:00+00:00
[2025-09-28T22:37:08.771+0000] {processor.py:183} INFO - Processing /opt/airflow/dags/bitcoin_etl_dag.py took 0.090 seconds
[2025-09-28T22:37:38.838+0000] {processor.py:161} INFO - Started process (PID=318) to work on /opt/airflow/dags/bitcoin_etl_dag.py
[2025-09-28T22:37:38.840+0000] {processor.py:830} INFO - Processing file /opt/airflow/dags/bitcoin_etl_dag.py for tasks to queue
[2025-09-28T22:37:38.842+0000] {logging_mixin.py:188} INFO - [2025-09-28T22:37:38.842+0000] {dagbag.py:545} INFO - Filling up the DagBag from /opt/airflow/dags/bitcoin_etl_dag.py
[2025-09-28T22:37:38.864+0000] {processor.py:840} INFO - DAG(s) 'bitcoin_15min' retrieved from /opt/airflow/dags/bitcoin_etl_dag.py
[2025-09-28T22:37:38.903+0000] {logging_mixin.py:188} INFO - [2025-09-28T22:37:38.903+0000] {dag.py:3089} INFO - Sync 1 DAGs
[2025-09-28T22:37:38.933+0000] {logging_mixin.py:188} INFO - [2025-09-28T22:37:38.933+0000] {dag.py:3947} INFO - Setting next_dagrun for bitcoin_15min to 2025-09-28 22:30:00+00:00, run_after=2025-09-28 22:45:00+00:00
[2025-09-28T22:37:38.952+0000] {processor.py:183} INFO - Processing /opt/airflow/dags/bitcoin_etl_dag.py took 0.119 seconds
[2025-09-28T22:38:09.078+0000] {processor.py:161} INFO - Started process (PID=323) to work on /opt/airflow/dags/bitcoin_etl_dag.py
[2025-09-28T22:38:09.079+0000] {processor.py:830} INFO - Processing file /opt/airflow/dags/bitcoin_etl_dag.py for tasks to queue
[2025-09-28T22:38:09.081+0000] {logging_mixin.py:188} INFO - [2025-09-28T22:38:09.080+0000] {dagbag.py:545} INFO - Filling up the DagBag from /opt/airflow/dags/bitcoin_etl_dag.py
[2025-09-28T22:38:09.097+0000] {processor.py:840} INFO - DAG(s) 'bitcoin_15min' retrieved from /opt/airflow/dags/bitcoin_etl_dag.py
[2025-09-28T22:38:09.127+0000] {logging_mixin.py:188} INFO - [2025-09-28T22:38:09.126+0000] {dag.py:3089} INFO - Sync 1 DAGs
[2025-09-28T22:38:09.150+0000] {logging_mixin.py:188} INFO - [2025-09-28T22:38:09.150+0000] {dag.py:3947} INFO - Setting next_dagrun for bitcoin_15min to 2025-09-28 22:30:00+00:00, run_after=2025-09-28 22:45:00+00:00
[2025-09-28T22:38:09.171+0000] {processor.py:183} INFO - Processing /opt/airflow/dags/bitcoin_etl_dag.py took 0.100 seconds
[2025-09-28T22:38:39.209+0000] {processor.py:161} INFO - Started process (PID=328) to work on /opt/airflow/dags/bitcoin_etl_dag.py
[2025-09-28T22:38:39.210+0000] {processor.py:830} INFO - Processing file /opt/airflow/dags/bitcoin_etl_dag.py for tasks to queue
[2025-09-28T22:38:39.211+0000] {logging_mixin.py:188} INFO - [2025-09-28T22:38:39.211+0000] {dagbag.py:545} INFO - Filling up the DagBag from /opt/airflow/dags/bitcoin_etl_dag.py
[2025-09-28T22:38:39.228+0000] {processor.py:840} INFO - DAG(s) 'bitcoin_15min' retrieved from /opt/airflow/dags/bitcoin_etl_dag.py
[2025-09-28T22:38:39.259+0000] {logging_mixin.py:188} INFO - [2025-09-28T22:38:39.259+0000] {dag.py:3089} INFO - Sync 1 DAGs
[2025-09-28T22:38:39.285+0000] {logging_mixin.py:188} INFO - [2025-09-28T22:38:39.284+0000] {dag.py:3947} INFO - Setting next_dagrun for bitcoin_15min to 2025-09-28 22:30:00+00:00, run_after=2025-09-28 22:45:00+00:00
[2025-09-28T22:38:39.301+0000] {processor.py:183} INFO - Processing /opt/airflow/dags/bitcoin_etl_dag.py took 0.098 seconds
[2025-09-28T22:39:09.347+0000] {processor.py:161} INFO - Started process (PID=333) to work on /opt/airflow/dags/bitcoin_etl_dag.py
[2025-09-28T22:39:09.348+0000] {processor.py:830} INFO - Processing file /opt/airflow/dags/bitcoin_etl_dag.py for tasks to queue
[2025-09-28T22:39:09.349+0000] {logging_mixin.py:188} INFO - [2025-09-28T22:39:09.349+0000] {dagbag.py:545} INFO - Filling up the DagBag from /opt/airflow/dags/bitcoin_etl_dag.py
[2025-09-28T22:39:09.364+0000] {processor.py:840} INFO - DAG(s) 'bitcoin_15min' retrieved from /opt/airflow/dags/bitcoin_etl_dag.py
[2025-09-28T22:39:09.393+0000] {logging_mixin.py:188} INFO - [2025-09-28T22:39:09.392+0000] {dag.py:3089} INFO - Sync 1 DAGs
[2025-09-28T22:39:09.414+0000] {logging_mixin.py:188} INFO - [2025-09-28T22:39:09.414+0000] {dag.py:3947} INFO - Setting next_dagrun for bitcoin_15min to 2025-09-28 22:30:00+00:00, run_after=2025-09-28 22:45:00+00:00
[2025-09-28T22:39:09.432+0000] {processor.py:183} INFO - Processing /opt/airflow/dags/bitcoin_etl_dag.py took 0.090 seconds
[2025-09-28T22:39:39.517+0000] {processor.py:161} INFO - Started process (PID=338) to work on /opt/airflow/dags/bitcoin_etl_dag.py
[2025-09-28T22:39:39.518+0000] {processor.py:830} INFO - Processing file /opt/airflow/dags/bitcoin_etl_dag.py for tasks to queue
[2025-09-28T22:39:39.519+0000] {logging_mixin.py:188} INFO - [2025-09-28T22:39:39.519+0000] {dagbag.py:545} INFO - Filling up the DagBag from /opt/airflow/dags/bitcoin_etl_dag.py
[2025-09-28T22:39:39.535+0000] {processor.py:840} INFO - DAG(s) 'bitcoin_15min' retrieved from /opt/airflow/dags/bitcoin_etl_dag.py
[2025-09-28T22:39:39.564+0000] {logging_mixin.py:188} INFO - [2025-09-28T22:39:39.564+0000] {dag.py:3089} INFO - Sync 1 DAGs
[2025-09-28T22:39:39.585+0000] {logging_mixin.py:188} INFO - [2025-09-28T22:39:39.585+0000] {dag.py:3947} INFO - Setting next_dagrun for bitcoin_15min to 2025-09-28 22:30:00+00:00, run_after=2025-09-28 22:45:00+00:00
[2025-09-28T22:39:39.604+0000] {processor.py:183} INFO - Processing /opt/airflow/dags/bitcoin_etl_dag.py took 0.093 seconds
[2025-09-28T22:40:09.749+0000] {processor.py:161} INFO - Started process (PID=343) to work on /opt/airflow/dags/bitcoin_etl_dag.py
[2025-09-28T22:40:09.750+0000] {processor.py:830} INFO - Processing file /opt/airflow/dags/bitcoin_etl_dag.py for tasks to queue
[2025-09-28T22:40:09.751+0000] {logging_mixin.py:188} INFO - [2025-09-28T22:40:09.751+0000] {dagbag.py:545} INFO - Filling up the DagBag from /opt/airflow/dags/bitcoin_etl_dag.py
[2025-09-28T22:40:09.767+0000] {processor.py:840} INFO - DAG(s) 'bitcoin_15min' retrieved from /opt/airflow/dags/bitcoin_etl_dag.py
[2025-09-28T22:40:09.799+0000] {logging_mixin.py:188} INFO - [2025-09-28T22:40:09.799+0000] {dag.py:3089} INFO - Sync 1 DAGs
[2025-09-28T22:40:09.824+0000] {logging_mixin.py:188} INFO - [2025-09-28T22:40:09.824+0000] {dag.py:3947} INFO - Setting next_dagrun for bitcoin_15min to 2025-09-28 22:30:00+00:00, run_after=2025-09-28 22:45:00+00:00
[2025-09-28T22:40:09.841+0000] {processor.py:183} INFO - Processing /opt/airflow/dags/bitcoin_etl_dag.py took 0.097 seconds
[2025-09-28T22:40:39.924+0000] {processor.py:161} INFO - Started process (PID=348) to work on /opt/airflow/dags/bitcoin_etl_dag.py
[2025-09-28T22:40:39.925+0000] {processor.py:830} INFO - Processing file /opt/airflow/dags/bitcoin_etl_dag.py for tasks to queue
[2025-09-28T22:40:39.927+0000] {logging_mixin.py:188} INFO - [2025-09-28T22:40:39.926+0000] {dagbag.py:545} INFO - Filling up the DagBag from /opt/airflow/dags/bitcoin_etl_dag.py
[2025-09-28T22:40:39.943+0000] {processor.py:840} INFO - DAG(s) 'bitcoin_15min' retrieved from /opt/airflow/dags/bitcoin_etl_dag.py
[2025-09-28T22:40:39.972+0000] {logging_mixin.py:188} INFO - [2025-09-28T22:40:39.972+0000] {dag.py:3089} INFO - Sync 1 DAGs
[2025-09-28T22:40:39.994+0000] {logging_mixin.py:188} INFO - [2025-09-28T22:40:39.993+0000] {dag.py:3947} INFO - Setting next_dagrun for bitcoin_15min to 2025-09-28 22:30:00+00:00, run_after=2025-09-28 22:45:00+00:00
[2025-09-28T22:40:40.013+0000] {processor.py:183} INFO - Processing /opt/airflow/dags/bitcoin_etl_dag.py took 0.094 seconds
[2025-09-28T22:41:10.161+0000] {processor.py:161} INFO - Started process (PID=353) to work on /opt/airflow/dags/bitcoin_etl_dag.py
[2025-09-28T22:41:10.161+0000] {processor.py:830} INFO - Processing file /opt/airflow/dags/bitcoin_etl_dag.py for tasks to queue
[2025-09-28T22:41:10.163+0000] {logging_mixin.py:188} INFO - [2025-09-28T22:41:10.162+0000] {dagbag.py:545} INFO - Filling up the DagBag from /opt/airflow/dags/bitcoin_etl_dag.py
[2025-09-28T22:41:10.178+0000] {processor.py:840} INFO - DAG(s) 'bitcoin_15min' retrieved from /opt/airflow/dags/bitcoin_etl_dag.py
[2025-09-28T22:41:10.206+0000] {logging_mixin.py:188} INFO - [2025-09-28T22:41:10.206+0000] {dag.py:3089} INFO - Sync 1 DAGs
[2025-09-28T22:41:10.228+0000] {logging_mixin.py:188} INFO - [2025-09-28T22:41:10.228+0000] {dag.py:3947} INFO - Setting next_dagrun for bitcoin_15min to 2025-09-28 22:30:00+00:00, run_after=2025-09-28 22:45:00+00:00
[2025-09-28T22:41:10.246+0000] {processor.py:183} INFO - Processing /opt/airflow/dags/bitcoin_etl_dag.py took 0.090 seconds
[2025-09-28T22:41:40.411+0000] {processor.py:161} INFO - Started process (PID=358) to work on /opt/airflow/dags/bitcoin_etl_dag.py
[2025-09-28T22:41:40.413+0000] {processor.py:830} INFO - Processing file /opt/airflow/dags/bitcoin_etl_dag.py for tasks to queue
[2025-09-28T22:41:40.415+0000] {logging_mixin.py:188} INFO - [2025-09-28T22:41:40.414+0000] {dagbag.py:545} INFO - Filling up the DagBag from /opt/airflow/dags/bitcoin_etl_dag.py
[2025-09-28T22:41:40.431+0000] {processor.py:840} INFO - DAG(s) 'bitcoin_15min' retrieved from /opt/airflow/dags/bitcoin_etl_dag.py
[2025-09-28T22:41:40.459+0000] {logging_mixin.py:188} INFO - [2025-09-28T22:41:40.459+0000] {dag.py:3089} INFO - Sync 1 DAGs
[2025-09-28T22:41:40.482+0000] {logging_mixin.py:188} INFO - [2025-09-28T22:41:40.481+0000] {dag.py:3947} INFO - Setting next_dagrun for bitcoin_15min to 2025-09-28 22:30:00+00:00, run_after=2025-09-28 22:45:00+00:00
[2025-09-28T22:41:40.499+0000] {processor.py:183} INFO - Processing /opt/airflow/dags/bitcoin_etl_dag.py took 0.096 seconds
[2025-09-28T22:42:10.627+0000] {processor.py:161} INFO - Started process (PID=363) to work on /opt/airflow/dags/bitcoin_etl_dag.py
[2025-09-28T22:42:10.628+0000] {processor.py:830} INFO - Processing file /opt/airflow/dags/bitcoin_etl_dag.py for tasks to queue
[2025-09-28T22:42:10.629+0000] {logging_mixin.py:188} INFO - [2025-09-28T22:42:10.629+0000] {dagbag.py:545} INFO - Filling up the DagBag from /opt/airflow/dags/bitcoin_etl_dag.py
[2025-09-28T22:42:10.646+0000] {processor.py:840} INFO - DAG(s) 'bitcoin_15min' retrieved from /opt/airflow/dags/bitcoin_etl_dag.py
[2025-09-28T22:42:10.678+0000] {logging_mixin.py:188} INFO - [2025-09-28T22:42:10.677+0000] {dag.py:3089} INFO - Sync 1 DAGs
[2025-09-28T22:42:10.701+0000] {logging_mixin.py:188} INFO - [2025-09-28T22:42:10.701+0000] {dag.py:3947} INFO - Setting next_dagrun for bitcoin_15min to 2025-09-28 22:30:00+00:00, run_after=2025-09-28 22:45:00+00:00
[2025-09-28T22:42:10.718+0000] {processor.py:183} INFO - Processing /opt/airflow/dags/bitcoin_etl_dag.py took 0.100 seconds
[2025-09-28T22:42:40.765+0000] {processor.py:161} INFO - Started process (PID=368) to work on /opt/airflow/dags/bitcoin_etl_dag.py
[2025-09-28T22:42:40.769+0000] {processor.py:830} INFO - Processing file /opt/airflow/dags/bitcoin_etl_dag.py for tasks to queue
[2025-09-28T22:42:40.771+0000] {logging_mixin.py:188} INFO - [2025-09-28T22:42:40.770+0000] {dagbag.py:545} INFO - Filling up the DagBag from /opt/airflow/dags/bitcoin_etl_dag.py
[2025-09-28T22:42:40.786+0000] {processor.py:840} INFO - DAG(s) 'bitcoin_15min' retrieved from /opt/airflow/dags/bitcoin_etl_dag.py
[2025-09-28T22:42:40.817+0000] {logging_mixin.py:188} INFO - [2025-09-28T22:42:40.817+0000] {dag.py:3089} INFO - Sync 1 DAGs
[2025-09-28T22:42:40.839+0000] {logging_mixin.py:188} INFO - [2025-09-28T22:42:40.839+0000] {dag.py:3947} INFO - Setting next_dagrun for bitcoin_15min to 2025-09-28 22:30:00+00:00, run_after=2025-09-28 22:45:00+00:00
[2025-09-28T22:42:40.856+0000] {processor.py:183} INFO - Processing /opt/airflow/dags/bitcoin_etl_dag.py took 0.096 seconds
[2025-09-28T22:43:11.053+0000] {processor.py:161} INFO - Started process (PID=373) to work on /opt/airflow/dags/bitcoin_etl_dag.py
[2025-09-28T22:43:11.054+0000] {processor.py:830} INFO - Processing file /opt/airflow/dags/bitcoin_etl_dag.py for tasks to queue
[2025-09-28T22:43:11.056+0000] {logging_mixin.py:188} INFO - [2025-09-28T22:43:11.055+0000] {dagbag.py:545} INFO - Filling up the DagBag from /opt/airflow/dags/bitcoin_etl_dag.py
[2025-09-28T22:43:11.072+0000] {processor.py:840} INFO - DAG(s) 'bitcoin_15min' retrieved from /opt/airflow/dags/bitcoin_etl_dag.py
[2025-09-28T22:43:11.104+0000] {logging_mixin.py:188} INFO - [2025-09-28T22:43:11.104+0000] {dag.py:3089} INFO - Sync 1 DAGs
[2025-09-28T22:43:11.127+0000] {logging_mixin.py:188} INFO - [2025-09-28T22:43:11.127+0000] {dag.py:3947} INFO - Setting next_dagrun for bitcoin_15min to 2025-09-28 22:30:00+00:00, run_after=2025-09-28 22:45:00+00:00
[2025-09-28T22:43:11.144+0000] {processor.py:183} INFO - Processing /opt/airflow/dags/bitcoin_etl_dag.py took 0.098 seconds
[2025-09-28T22:43:41.203+0000] {processor.py:161} INFO - Started process (PID=378) to work on /opt/airflow/dags/bitcoin_etl_dag.py
[2025-09-28T22:43:41.204+0000] {processor.py:830} INFO - Processing file /opt/airflow/dags/bitcoin_etl_dag.py for tasks to queue
[2025-09-28T22:43:41.206+0000] {logging_mixin.py:188} INFO - [2025-09-28T22:43:41.206+0000] {dagbag.py:545} INFO - Filling up the DagBag from /opt/airflow/dags/bitcoin_etl_dag.py
[2025-09-28T22:43:41.221+0000] {processor.py:840} INFO - DAG(s) 'bitcoin_15min' retrieved from /opt/airflow/dags/bitcoin_etl_dag.py
[2025-09-28T22:43:41.251+0000] {logging_mixin.py:188} INFO - [2025-09-28T22:43:41.251+0000] {dag.py:3089} INFO - Sync 1 DAGs
[2025-09-28T22:43:41.273+0000] {logging_mixin.py:188} INFO - [2025-09-28T22:43:41.273+0000] {dag.py:3947} INFO - Setting next_dagrun for bitcoin_15min to 2025-09-28 22:30:00+00:00, run_after=2025-09-28 22:45:00+00:00
[2025-09-28T22:43:41.291+0000] {processor.py:183} INFO - Processing /opt/airflow/dags/bitcoin_etl_dag.py took 0.094 seconds
[2025-09-28T22:44:11.426+0000] {processor.py:161} INFO - Started process (PID=383) to work on /opt/airflow/dags/bitcoin_etl_dag.py
[2025-09-28T22:44:11.427+0000] {processor.py:830} INFO - Processing file /opt/airflow/dags/bitcoin_etl_dag.py for tasks to queue
[2025-09-28T22:44:11.428+0000] {logging_mixin.py:188} INFO - [2025-09-28T22:44:11.428+0000] {dagbag.py:545} INFO - Filling up the DagBag from /opt/airflow/dags/bitcoin_etl_dag.py
[2025-09-28T22:44:11.445+0000] {processor.py:840} INFO - DAG(s) 'bitcoin_15min' retrieved from /opt/airflow/dags/bitcoin_etl_dag.py
[2025-09-28T22:44:11.473+0000] {logging_mixin.py:188} INFO - [2025-09-28T22:44:11.473+0000] {dag.py:3089} INFO - Sync 1 DAGs
[2025-09-28T22:44:11.494+0000] {logging_mixin.py:188} INFO - [2025-09-28T22:44:11.494+0000] {dag.py:3947} INFO - Setting next_dagrun for bitcoin_15min to 2025-09-28 22:30:00+00:00, run_after=2025-09-28 22:45:00+00:00
[2025-09-28T22:44:11.512+0000] {processor.py:183} INFO - Processing /opt/airflow/dags/bitcoin_etl_dag.py took 0.091 seconds
[2025-09-28T22:44:41.610+0000] {processor.py:161} INFO - Started process (PID=388) to work on /opt/airflow/dags/bitcoin_etl_dag.py
[2025-09-28T22:44:41.611+0000] {processor.py:830} INFO - Processing file /opt/airflow/dags/bitcoin_etl_dag.py for tasks to queue
[2025-09-28T22:44:41.613+0000] {logging_mixin.py:188} INFO - [2025-09-28T22:44:41.612+0000] {dagbag.py:545} INFO - Filling up the DagBag from /opt/airflow/dags/bitcoin_etl_dag.py
[2025-09-28T22:44:41.628+0000] {processor.py:840} INFO - DAG(s) 'bitcoin_15min' retrieved from /opt/airflow/dags/bitcoin_etl_dag.py
[2025-09-28T22:44:41.658+0000] {logging_mixin.py:188} INFO - [2025-09-28T22:44:41.658+0000] {dag.py:3089} INFO - Sync 1 DAGs
[2025-09-28T22:44:41.680+0000] {logging_mixin.py:188} INFO - [2025-09-28T22:44:41.680+0000] {dag.py:3947} INFO - Setting next_dagrun for bitcoin_15min to 2025-09-28 22:30:00+00:00, run_after=2025-09-28 22:45:00+00:00
[2025-09-28T22:44:41.699+0000] {processor.py:183} INFO - Processing /opt/airflow/dags/bitcoin_etl_dag.py took 0.095 seconds
