[2025-09-28T22:26:03.437+0000] {manager.py:470} INFO - Processing files using up to 2 processes at a time 
[2025-09-28T22:26:03.437+0000] {manager.py:471} INFO - Process each file at most once every 30 seconds
[2025-09-28T22:26:03.438+0000] {manager.py:472} INFO - Checking for new files in /opt/airflow/dags every 300 seconds
[2025-09-28T22:26:03.438+0000] {manager.py:737} INFO - Searching for files in /opt/airflow/dags
[2025-09-28T22:26:03.439+0000] {manager.py:740} INFO - There are 1 files in /opt/airflow/dags
[2025-09-28T22:26:03.510+0000] {manager.py:878} INFO - 
================================================================================
DAG File Processing Stats

File Path                               PID  Runtime      # DAGs    # Errors  Last Runtime    Last Run
------------------------------------  -----  ---------  --------  ----------  --------------  ----------
/opt/airflow/dags/bitcoin_etl_dag.py    184  0.03s             0           0
================================================================================
[2025-09-28T22:26:33.636+0000] {manager.py:878} INFO - 
================================================================================
DAG File Processing Stats

File Path                               PID  Runtime      # DAGs    # Errors  Last Runtime    Last Run
------------------------------------  -----  ---------  --------  ----------  --------------  -------------------
/opt/airflow/dags/bitcoin_etl_dag.py    190  0.00s             1           0  0.11s           2025-09-28T22:26:03
================================================================================
[2025-09-28T22:27:03.821+0000] {manager.py:878} INFO - 
================================================================================
DAG File Processing Stats

File Path                             PID    Runtime      # DAGs    # Errors  Last Runtime    Last Run
------------------------------------  -----  ---------  --------  ----------  --------------  -------------------
/opt/airflow/dags/bitcoin_etl_dag.py                           1           0  0.43s           2025-09-28T22:26:34
================================================================================
[2025-09-28T22:27:34.322+0000] {manager.py:878} INFO - 
================================================================================
DAG File Processing Stats

File Path                               PID  Runtime      # DAGs    # Errors  Last Runtime    Last Run
------------------------------------  -----  ---------  --------  ----------  --------------  -------------------
/opt/airflow/dags/bitcoin_etl_dag.py    206  0.00s             1           0  0.10s           2025-09-28T22:27:04
================================================================================
[2025-09-28T22:28:04.586+0000] {manager.py:878} INFO - 
================================================================================
DAG File Processing Stats

File Path                               PID  Runtime      # DAGs    # Errors  Last Runtime    Last Run
------------------------------------  -----  ---------  --------  ----------  --------------  -------------------
/opt/airflow/dags/bitcoin_etl_dag.py    217  0.01s             1           0  0.10s           2025-09-28T22:27:34
================================================================================
[2025-09-28T22:28:34.730+0000] {manager.py:878} INFO - 
================================================================================
DAG File Processing Stats

File Path                             PID    Runtime      # DAGs    # Errors  Last Runtime    Last Run
------------------------------------  -----  ---------  --------  ----------  --------------  -------------------
/opt/airflow/dags/bitcoin_etl_dag.py                           1           0  0.24s           2025-09-28T22:28:04
================================================================================
[2025-09-28T22:29:05.076+0000] {manager.py:878} INFO - 
================================================================================
DAG File Processing Stats

File Path                             PID    Runtime      # DAGs    # Errors  Last Runtime    Last Run
------------------------------------  -----  ---------  --------  ----------  --------------  -------------------
/opt/airflow/dags/bitcoin_etl_dag.py                           1           0  0.25s           2025-09-28T22:28:35
================================================================================
[2025-09-28T22:29:35.587+0000] {manager.py:878} INFO - 
================================================================================
DAG File Processing Stats

File Path                               PID  Runtime      # DAGs    # Errors  Last Runtime    Last Run
------------------------------------  -----  ---------  --------  ----------  --------------  -------------------
/opt/airflow/dags/bitcoin_etl_dag.py    232  0.00s             1           0  0.22s           2025-09-28T22:29:05
================================================================================
[2025-09-28T22:30:05.870+0000] {manager.py:878} INFO - 
================================================================================
DAG File Processing Stats

File Path                               PID  Runtime      # DAGs    # Errors  Last Runtime    Last Run
------------------------------------  -----  ---------  --------  ----------  --------------  -------------------
/opt/airflow/dags/bitcoin_etl_dag.py    243  0.01s             1           0  0.13s           2025-09-28T22:29:35
================================================================================
[2025-09-28T22:30:36.038+0000] {manager.py:878} INFO - 
================================================================================
DAG File Processing Stats

File Path                               PID  Runtime      # DAGs    # Errors  Last Runtime    Last Run
------------------------------------  -----  ---------  --------  ----------  --------------  -------------------
/opt/airflow/dags/bitcoin_etl_dag.py    248  0.00s             1           0  0.12s           2025-09-28T22:30:05
================================================================================
[2025-09-28T22:31:04.264+0000] {manager.py:737} INFO - Searching for files in /opt/airflow/dags
[2025-09-28T22:31:04.265+0000] {manager.py:740} INFO - There are 1 files in /opt/airflow/dags
[2025-09-28T22:31:06.298+0000] {manager.py:878} INFO - 
================================================================================
DAG File Processing Stats

File Path                               PID  Runtime      # DAGs    # Errors  Last Runtime    Last Run
------------------------------------  -----  ---------  --------  ----------  --------------  -------------------
/opt/airflow/dags/bitcoin_etl_dag.py    253  0.01s             1           0  0.11s           2025-09-28T22:30:36
================================================================================
[2025-09-28T22:31:36.447+0000] {manager.py:878} INFO - 
================================================================================
DAG File Processing Stats

File Path                               PID  Runtime      # DAGs    # Errors  Last Runtime    Last Run
------------------------------------  -----  ---------  --------  ----------  --------------  -------------------
/opt/airflow/dags/bitcoin_etl_dag.py    258  0.00s             1           0  0.11s           2025-09-28T22:31:06
================================================================================
[2025-09-28T22:32:06.654+0000] {manager.py:878} INFO - 
================================================================================
DAG File Processing Stats

File Path                               PID  Runtime      # DAGs    # Errors  Last Runtime    Last Run
------------------------------------  -----  ---------  --------  ----------  --------------  -------------------
/opt/airflow/dags/bitcoin_etl_dag.py    263  0.00s             1           0  0.11s           2025-09-28T22:31:36
================================================================================
[2025-09-28T22:32:36.776+0000] {manager.py:878} INFO - 
================================================================================
DAG File Processing Stats

File Path                             PID    Runtime      # DAGs    # Errors  Last Runtime    Last Run
------------------------------------  -----  ---------  --------  ----------  --------------  -------------------
/opt/airflow/dags/bitcoin_etl_dag.py                           1           0  0.13s           2025-09-28T22:32:06
================================================================================
[2025-09-28T22:33:07.063+0000] {manager.py:878} INFO - 
================================================================================
DAG File Processing Stats

File Path                               PID  Runtime      # DAGs    # Errors  Last Runtime    Last Run
------------------------------------  -----  ---------  --------  ----------  --------------  -------------------
/opt/airflow/dags/bitcoin_etl_dag.py    273  0.00s             1           0  0.11s           2025-09-28T22:32:37
================================================================================
[2025-09-28T22:33:37.269+0000] {manager.py:878} INFO - 
================================================================================
DAG File Processing Stats

File Path                               PID  Runtime      # DAGs    # Errors  Last Runtime    Last Run
------------------------------------  -----  ---------  --------  ----------  --------------  -------------------
/opt/airflow/dags/bitcoin_etl_dag.py    278  0.01s             1           0  0.11s           2025-09-28T22:33:07
================================================================================
[2025-09-28T22:34:07.449+0000] {manager.py:878} INFO - 
================================================================================
DAG File Processing Stats

File Path                               PID  Runtime      # DAGs    # Errors  Last Runtime    Last Run
------------------------------------  -----  ---------  --------  ----------  --------------  -------------------
/opt/airflow/dags/bitcoin_etl_dag.py    283  0.01s             1           0  0.12s           2025-09-28T22:33:37
================================================================================
[2025-09-28T22:34:37.705+0000] {manager.py:878} INFO - 
================================================================================
DAG File Processing Stats

File Path                               PID  Runtime      # DAGs    # Errors  Last Runtime    Last Run
------------------------------------  -----  ---------  --------  ----------  --------------  -------------------
/opt/airflow/dags/bitcoin_etl_dag.py    288  0.00s             1           0  0.11s           2025-09-28T22:34:07
================================================================================
[2025-09-28T22:35:07.855+0000] {manager.py:878} INFO - 
================================================================================
DAG File Processing Stats

File Path                               PID  Runtime      # DAGs    # Errors  Last Runtime    Last Run
------------------------------------  -----  ---------  --------  ----------  --------------  -------------------
/opt/airflow/dags/bitcoin_etl_dag.py    293  0.00s             1           0  0.12s           2025-09-28T22:34:37
================================================================================
[2025-09-28T22:35:37.988+0000] {manager.py:878} INFO - 
================================================================================
DAG File Processing Stats

File Path                               PID  Runtime      # DAGs    # Errors  Last Runtime    Last Run
------------------------------------  -----  ---------  --------  ----------  --------------  -------------------
/opt/airflow/dags/bitcoin_etl_dag.py    298  0.00s             1           0  0.11s           2025-09-28T22:35:07
================================================================================
[2025-09-28T22:36:05.205+0000] {manager.py:737} INFO - Searching for files in /opt/airflow/dags
[2025-09-28T22:36:05.208+0000] {manager.py:740} INFO - There are 1 files in /opt/airflow/dags
[2025-09-28T22:36:08.261+0000] {manager.py:878} INFO - 
================================================================================
DAG File Processing Stats

File Path                               PID  Runtime      # DAGs    # Errors  Last Runtime    Last Run
------------------------------------  -----  ---------  --------  ----------  --------------  -------------------
/opt/airflow/dags/bitcoin_etl_dag.py    303  0.01s             1           0  0.11s           2025-09-28T22:35:38
================================================================================
[2025-09-28T22:36:38.441+0000] {manager.py:878} INFO - 
================================================================================
DAG File Processing Stats

File Path                               PID  Runtime      # DAGs    # Errors  Last Runtime    Last Run
------------------------------------  -----  ---------  --------  ----------  --------------  -------------------
/opt/airflow/dags/bitcoin_etl_dag.py    308  0.00s             1           0  0.13s           2025-09-28T22:36:08
================================================================================
[2025-09-28T22:37:08.678+0000] {manager.py:878} INFO - 
================================================================================
DAG File Processing Stats

File Path                               PID  Runtime      # DAGs    # Errors  Last Runtime    Last Run
------------------------------------  -----  ---------  --------  ----------  --------------  -------------------
/opt/airflow/dags/bitcoin_etl_dag.py    313  0.00s             1           0  0.11s           2025-09-28T22:36:38
================================================================================
[2025-09-28T22:37:38.829+0000] {manager.py:878} INFO - 
================================================================================
DAG File Processing Stats

File Path                               PID  Runtime      # DAGs    # Errors  Last Runtime    Last Run
------------------------------------  -----  ---------  --------  ----------  --------------  -------------------
/opt/airflow/dags/bitcoin_etl_dag.py    318  0.00s             1           0  0.11s           2025-09-28T22:37:08
================================================================================
[2025-09-28T22:38:09.066+0000] {manager.py:878} INFO - 
================================================================================
DAG File Processing Stats

File Path                               PID  Runtime      # DAGs    # Errors  Last Runtime    Last Run
------------------------------------  -----  ---------  --------  ----------  --------------  -------------------
/opt/airflow/dags/bitcoin_etl_dag.py    323  0.01s             1           0  0.14s           2025-09-28T22:37:38
================================================================================
[2025-09-28T22:38:39.200+0000] {manager.py:878} INFO - 
================================================================================
DAG File Processing Stats

File Path                               PID  Runtime      # DAGs    # Errors  Last Runtime    Last Run
------------------------------------  -----  ---------  --------  ----------  --------------  -------------------
/opt/airflow/dags/bitcoin_etl_dag.py    328  0.00s             1           0  0.12s           2025-09-28T22:38:09
================================================================================
[2025-09-28T22:39:09.338+0000] {manager.py:878} INFO - 
================================================================================
DAG File Processing Stats

File Path                               PID  Runtime      # DAGs    # Errors  Last Runtime    Last Run
------------------------------------  -----  ---------  --------  ----------  --------------  -------------------
/opt/airflow/dags/bitcoin_etl_dag.py    333  0.00s             1           0  0.12s           2025-09-28T22:38:39
================================================================================
[2025-09-28T22:39:39.508+0000] {manager.py:878} INFO - 
================================================================================
DAG File Processing Stats

File Path                               PID  Runtime      # DAGs    # Errors  Last Runtime    Last Run
------------------------------------  -----  ---------  --------  ----------  --------------  -------------------
/opt/airflow/dags/bitcoin_etl_dag.py    338  0.00s             1           0  0.11s           2025-09-28T22:39:09
================================================================================
[2025-09-28T22:40:09.741+0000] {manager.py:878} INFO - 
================================================================================
DAG File Processing Stats

File Path                               PID  Runtime      # DAGs    # Errors  Last Runtime    Last Run
------------------------------------  -----  ---------  --------  ----------  --------------  -------------------
/opt/airflow/dags/bitcoin_etl_dag.py    343  0.00s             1           0  0.11s           2025-09-28T22:39:39
================================================================================
[2025-09-28T22:40:39.912+0000] {manager.py:878} INFO - 
================================================================================
DAG File Processing Stats

File Path                               PID  Runtime      # DAGs    # Errors  Last Runtime    Last Run
------------------------------------  -----  ---------  --------  ----------  --------------  -------------------
/opt/airflow/dags/bitcoin_etl_dag.py    348  0.01s             1           0  0.11s           2025-09-28T22:40:09
================================================================================
[2025-09-28T22:41:06.096+0000] {manager.py:737} INFO - Searching for files in /opt/airflow/dags
[2025-09-28T22:41:06.097+0000] {manager.py:740} INFO - There are 1 files in /opt/airflow/dags
[2025-09-28T22:41:10.152+0000] {manager.py:878} INFO - 
================================================================================
DAG File Processing Stats

File Path                               PID  Runtime      # DAGs    # Errors  Last Runtime    Last Run
------------------------------------  -----  ---------  --------  ----------  --------------  -------------------
/opt/airflow/dags/bitcoin_etl_dag.py    353  0.00s             1           0  0.12s           2025-09-28T22:40:40
================================================================================
[2025-09-28T22:41:40.396+0000] {manager.py:878} INFO - 
================================================================================
DAG File Processing Stats

File Path                               PID  Runtime      # DAGs    # Errors  Last Runtime    Last Run
------------------------------------  -----  ---------  --------  ----------  --------------  -------------------
/opt/airflow/dags/bitcoin_etl_dag.py    358  0.01s             1           0  0.11s           2025-09-28T22:41:10
================================================================================
[2025-09-28T22:42:10.612+0000] {manager.py:878} INFO - 
================================================================================
DAG File Processing Stats

File Path                               PID  Runtime      # DAGs    # Errors  Last Runtime    Last Run
------------------------------------  -----  ---------  --------  ----------  --------------  -------------------
/opt/airflow/dags/bitcoin_etl_dag.py    363  0.01s             1           0  0.12s           2025-09-28T22:41:40
================================================================================
[2025-09-28T22:42:40.757+0000] {manager.py:878} INFO - 
================================================================================
DAG File Processing Stats

File Path                               PID  Runtime      # DAGs    # Errors  Last Runtime    Last Run
------------------------------------  -----  ---------  --------  ----------  --------------  -------------------
/opt/airflow/dags/bitcoin_etl_dag.py    368  0.00s             1           0  0.12s           2025-09-28T22:42:10
================================================================================
[2025-09-28T22:43:11.040+0000] {manager.py:878} INFO - 
================================================================================
DAG File Processing Stats

File Path                               PID  Runtime      # DAGs    # Errors  Last Runtime    Last Run
------------------------------------  -----  ---------  --------  ----------  --------------  -------------------
/opt/airflow/dags/bitcoin_etl_dag.py    373  0.01s             1           0  0.11s           2025-09-28T22:42:40
================================================================================
[2025-09-28T22:43:41.194+0000] {manager.py:878} INFO - 
================================================================================
DAG File Processing Stats

File Path                               PID  Runtime      # DAGs    # Errors  Last Runtime    Last Run
------------------------------------  -----  ---------  --------  ----------  --------------  -------------------
/opt/airflow/dags/bitcoin_etl_dag.py    378  0.01s             1           0  0.12s           2025-09-28T22:43:11
================================================================================
[2025-09-28T22:44:11.417+0000] {manager.py:878} INFO - 
================================================================================
DAG File Processing Stats

File Path                               PID  Runtime      # DAGs    # Errors  Last Runtime    Last Run
------------------------------------  -----  ---------  --------  ----------  --------------  -------------------
/opt/airflow/dags/bitcoin_etl_dag.py    383  0.00s             1           0  0.11s           2025-09-28T22:43:41
================================================================================
[2025-09-28T22:44:41.601+0000] {manager.py:878} INFO - 
================================================================================
DAG File Processing Stats

File Path                               PID  Runtime      # DAGs    # Errors  Last Runtime    Last Run
------------------------------------  -----  ---------  --------  ----------  --------------  -------------------
/opt/airflow/dags/bitcoin_etl_dag.py    388  0.00s             1           0  0.11s           2025-09-28T22:44:11
================================================================================
